09/11/2018 04:24:03 PM - Driver - INFO: Element found with locator: //a[text()='LOG IN'] and  locatorType: xpath
09/11/2018 04:24:06 PM - Driver - INFO: Clicked on element with locator: //a[text()='LOG IN'] locatorType: xpath
09/11/2018 04:24:06 PM - Driver - INFO: Element found with locator: username and  locatorType: id
09/11/2018 04:24:06 PM - Driver - INFO: Clear field with locator: username locatorType: id
09/11/2018 04:24:06 PM - Driver - INFO: Element found with locator: username and  locatorType: id
09/11/2018 04:24:06 PM - Driver - INFO: Sent data on element with locator: username locatorType: id
09/11/2018 04:24:06 PM - Driver - INFO: Element found with locator: password and  locatorType: id
09/11/2018 04:24:06 PM - Driver - INFO: Clear field with locator: password locatorType: id
09/11/2018 04:24:06 PM - Driver - INFO: Element found with locator: password and  locatorType: id
09/11/2018 04:24:06 PM - Driver - INFO: Sent data on element with locator: password locatorType: id
09/11/2018 04:24:06 PM - Driver - INFO: Element found with locator: //button[@type='submit'] and  locatorType: xpath
09/11/2018 04:24:12 PM - Driver - INFO: Clicked on element with locator: //button[@type='submit'] locatorType: xpath
09/11/2018 04:24:58 PM - Driver - INFO: Element found with locator: //a[text()='LOG IN'] and  locatorType: xpath
09/11/2018 04:25:04 PM - Driver - INFO: Clicked on element with locator: //a[text()='LOG IN'] locatorType: xpath
09/11/2018 04:25:04 PM - Driver - INFO: Element found with locator: username and  locatorType: id
09/11/2018 04:25:04 PM - Driver - INFO: Clear field with locator: username locatorType: id
09/11/2018 04:25:04 PM - Driver - INFO: Element found with locator: username and  locatorType: id
09/11/2018 04:25:04 PM - Driver - INFO: Sent data on element with locator: username locatorType: id
09/11/2018 04:25:04 PM - Driver - INFO: Element found with locator: password and  locatorType: id
09/11/2018 04:25:04 PM - Driver - INFO: Clear field with locator: password locatorType: id
09/11/2018 04:25:04 PM - Driver - INFO: Element found with locator: password and  locatorType: id
09/11/2018 04:25:04 PM - Driver - INFO: Sent data on element with locator: password locatorType: id
09/11/2018 04:25:04 PM - Driver - INFO: Element found with locator: //button[@type='submit'] and  locatorType: xpath
09/11/2018 04:25:08 PM - Driver - INFO: Clicked on element with locator: //button[@type='submit'] locatorType: xpath
09/11/2018 04:50:24 PM - Driver - INFO: Element found with locator: //a[text()='LOG IN'] and  locatorType: xpath
09/11/2018 04:50:31 PM - Driver - INFO: Clicked on element with locator: //a[text()='LOG IN'] locatorType: xpath
09/11/2018 04:50:31 PM - Driver - INFO: Element found with locator: username and  locatorType: id
09/11/2018 04:50:31 PM - Driver - INFO: Clear field with locator: username locatorType: id
09/11/2018 04:50:31 PM - Driver - INFO: Element found with locator: username and  locatorType: id
09/11/2018 04:50:31 PM - Driver - INFO: Sent data on element with locator: username locatorType: id
09/11/2018 04:50:31 PM - Driver - INFO: Element found with locator: password and  locatorType: id
09/11/2018 04:50:31 PM - Driver - INFO: Clear field with locator: password locatorType: id
09/11/2018 04:50:31 PM - Driver - INFO: Element found with locator: password and  locatorType: id
09/11/2018 04:50:31 PM - Driver - INFO: Sent data on element with locator: password locatorType: id
09/11/2018 04:50:31 PM - Driver - INFO: Element found with locator: //button[@type='submit'] and  locatorType: xpath
09/11/2018 04:50:43 PM - Driver - INFO: Clicked on element with locator: //button[@type='submit'] locatorType: xpath
09/11/2018 04:52:17 PM - Driver - INFO: Element found with locator: //a[text()='LOG IN'] and  locatorType: xpath
09/11/2018 04:52:24 PM - Driver - INFO: Clicked on element with locator: //a[text()='LOG IN'] locatorType: xpath
09/11/2018 04:52:24 PM - Driver - INFO: Element found with locator: username and  locatorType: id
09/11/2018 04:52:24 PM - Driver - INFO: Clear field with locator: username locatorType: id
09/11/2018 04:52:24 PM - Driver - INFO: Element found with locator: username and  locatorType: id
09/11/2018 04:52:24 PM - Driver - INFO: Sent data on element with locator: username locatorType: id
09/11/2018 04:52:24 PM - Driver - INFO: Element found with locator: password and  locatorType: id
09/11/2018 04:52:24 PM - Driver - INFO: Clear field with locator: password locatorType: id
09/11/2018 04:52:24 PM - Driver - INFO: Element found with locator: password and  locatorType: id
09/11/2018 04:52:24 PM - Driver - INFO: Sent data on element with locator: password locatorType: id
09/11/2018 04:52:24 PM - Driver - INFO: Element found with locator: //button[@type='submit'] and  locatorType: xpath
09/11/2018 04:52:32 PM - Driver - INFO: Clicked on element with locator: //button[@type='submit'] locatorType: xpath
09/11/2018 04:54:27 PM - Driver - INFO: Element found with locator: //a[text()='LOG IN'] and  locatorType: xpath
09/11/2018 04:54:34 PM - Driver - INFO: Clicked on element with locator: //a[text()='LOG IN'] locatorType: xpath
09/11/2018 04:54:34 PM - Driver - INFO: Element found with locator: username and  locatorType: id
09/11/2018 04:54:34 PM - Driver - INFO: Clear field with locator: username locatorType: id
09/11/2018 04:54:34 PM - Driver - INFO: Element found with locator: username and  locatorType: id
09/11/2018 04:54:34 PM - Driver - INFO: Sent data on element with locator: username locatorType: id
09/11/2018 04:54:34 PM - Driver - INFO: Element found with locator: password and  locatorType: id
09/11/2018 04:54:34 PM - Driver - INFO: Clear field with locator: password locatorType: id
09/11/2018 04:54:34 PM - Driver - INFO: Element found with locator: password and  locatorType: id
09/11/2018 04:54:34 PM - Driver - INFO: Sent data on element with locator: password locatorType: id
09/11/2018 04:54:34 PM - Driver - INFO: Element found with locator: //button[@type='submit'] and  locatorType: xpath
09/11/2018 04:54:40 PM - Driver - INFO: Clicked on element with locator: //button[@type='submit'] locatorType: xpath
09/11/2018 04:55:08 PM - Driver - INFO: Element found with locator: //a[text()='LOG IN'] and  locatorType: xpath
09/11/2018 04:55:15 PM - Driver - INFO: Clicked on element with locator: //a[text()='LOG IN'] locatorType: xpath
09/11/2018 04:55:15 PM - Driver - INFO: Element found with locator: username and  locatorType: id
09/11/2018 04:55:15 PM - Driver - INFO: Clear field with locator: username locatorType: id
09/11/2018 04:55:15 PM - Driver - INFO: Element found with locator: username and  locatorType: id
09/11/2018 04:55:15 PM - Driver - INFO: Sent data on element with locator: username locatorType: id
09/11/2018 04:55:15 PM - Driver - INFO: Element found with locator: password and  locatorType: id
09/11/2018 04:55:15 PM - Driver - INFO: Clear field with locator: password locatorType: id
09/11/2018 04:55:15 PM - Driver - INFO: Element found with locator: password and  locatorType: id
09/11/2018 04:55:15 PM - Driver - INFO: Sent data on element with locator: password locatorType: id
09/11/2018 04:55:15 PM - Driver - INFO: Element found with locator: //button[@type='submit'] and  locatorType: xpath
09/11/2018 04:55:25 PM - Driver - INFO: Clicked on element with locator: //button[@type='submit'] locatorType: xpath
09/11/2018 04:58:18 PM - Driver - INFO: Element found with locator: //a[text()='LOG IN'] and  locatorType: xpath
09/11/2018 04:58:25 PM - Driver - INFO: Clicked on element with locator: //a[text()='LOG IN'] locatorType: xpath
09/11/2018 04:58:26 PM - Driver - INFO: Element found with locator: username and  locatorType: id
09/11/2018 04:58:26 PM - Driver - INFO: Clear field with locator: username locatorType: id
09/11/2018 04:58:26 PM - Driver - INFO: Element found with locator: username and  locatorType: id
09/11/2018 04:58:26 PM - Driver - INFO: Sent data on element with locator: username locatorType: id
09/11/2018 04:58:26 PM - Driver - INFO: Element found with locator: password and  locatorType: id
09/11/2018 04:58:26 PM - Driver - INFO: Clear field with locator: password locatorType: id
09/11/2018 04:58:26 PM - Driver - INFO: Element found with locator: password and  locatorType: id
09/11/2018 04:58:26 PM - Driver - INFO: Sent data on element with locator: password locatorType: id
09/11/2018 04:58:26 PM - Driver - INFO: Element found with locator: //button[@type='submit'] and  locatorType: xpath
09/11/2018 04:58:37 PM - Driver - INFO: Clicked on element with locator: //button[@type='submit'] locatorType: xpath
09/11/2018 04:58:56 PM - Driver - INFO: Element found with locator: //a[text()='LOG IN'] and  locatorType: xpath
09/11/2018 04:59:05 PM - Driver - INFO: Clicked on element with locator: //a[text()='LOG IN'] locatorType: xpath
09/11/2018 04:59:05 PM - Driver - INFO: Element found with locator: username and  locatorType: id
09/11/2018 04:59:05 PM - Driver - INFO: Clear field with locator: username locatorType: id
09/11/2018 04:59:05 PM - Driver - INFO: Element found with locator: username and  locatorType: id
09/11/2018 04:59:05 PM - Driver - INFO: Sent data on element with locator: username locatorType: id
09/11/2018 04:59:05 PM - Driver - INFO: Element found with locator: password and  locatorType: id
09/11/2018 04:59:05 PM - Driver - INFO: Clear field with locator: password locatorType: id
09/11/2018 04:59:05 PM - Driver - INFO: Element found with locator: password and  locatorType: id
09/11/2018 04:59:05 PM - Driver - INFO: Sent data on element with locator: password locatorType: id
09/11/2018 04:59:05 PM - Driver - INFO: Element found with locator: //button[@type='submit'] and  locatorType: xpath
09/11/2018 04:59:11 PM - Driver - INFO: Clicked on element with locator: //button[@type='submit'] locatorType: xpath
09/11/2018 05:00:18 PM - Driver - INFO: Element found with locator: //a[text()='LOG IN'] and  locatorType: xpath
09/11/2018 05:00:25 PM - Driver - INFO: Clicked on element with locator: //a[text()='LOG IN'] locatorType: xpath
09/11/2018 05:00:25 PM - Driver - INFO: Element found with locator: username and  locatorType: id
09/11/2018 05:00:25 PM - Driver - INFO: Clear field with locator: username locatorType: id
09/11/2018 05:00:25 PM - Driver - INFO: Element found with locator: username and  locatorType: id
09/11/2018 05:00:26 PM - Driver - INFO: Sent data on element with locator: username locatorType: id
09/11/2018 05:00:26 PM - Driver - INFO: Element found with locator: password and  locatorType: id
09/11/2018 05:00:26 PM - Driver - INFO: Clear field with locator: password locatorType: id
09/11/2018 05:00:26 PM - Driver - INFO: Element found with locator: password and  locatorType: id
09/11/2018 05:00:26 PM - Driver - INFO: Sent data on element with locator: password locatorType: id
09/11/2018 05:00:26 PM - Driver - INFO: Element found with locator: //button[@type='submit'] and  locatorType: xpath
09/11/2018 05:00:35 PM - Driver - INFO: Clicked on element with locator: //button[@type='submit'] locatorType: xpath
09/11/2018 06:03:58 PM - Driver - INFO: Element found with locator: //a[text()='LOG IN'] and  locatorType: xpath
09/11/2018 06:04:01 PM - Driver - INFO: Clicked on element with locator: //a[text()='LOG IN'] locatorType: xpath
09/11/2018 06:04:01 PM - Driver - INFO: Element found with locator: username and  locatorType: id
09/11/2018 06:04:01 PM - Driver - INFO: Clear field with locator: username locatorType: id
09/11/2018 06:04:01 PM - Driver - INFO: Element found with locator: username and  locatorType: id
09/11/2018 06:04:01 PM - Driver - INFO: Sent data on element with locator: username locatorType: id
09/11/2018 06:04:01 PM - Driver - INFO: Element found with locator: password and  locatorType: id
09/11/2018 06:04:01 PM - Driver - INFO: Clear field with locator: password locatorType: id
09/11/2018 06:04:01 PM - Driver - INFO: Element found with locator: password and  locatorType: id
09/11/2018 06:04:01 PM - Driver - INFO: Sent data on element with locator: password locatorType: id
09/11/2018 06:04:01 PM - Driver - INFO: Element found with locator: //button[@type='submit'] and  locatorType: xpath
09/11/2018 06:04:08 PM - Driver - INFO: Clicked on element with locator: //button[@type='submit'] locatorType: xpath
09/11/2018 06:34:56 PM - Driver - INFO: Element found with locator: //a[text()='LOG IN'] and  locatorType: xpath
09/11/2018 06:35:03 PM - Driver - INFO: Clicked on element with locator: //a[text()='LOG IN'] locatorType: xpath
09/11/2018 06:35:03 PM - Driver - INFO: Element found with locator: username and  locatorType: id
09/11/2018 06:35:03 PM - Driver - INFO: Clear field with locator: username locatorType: id
09/11/2018 06:35:03 PM - Driver - INFO: Element found with locator: username and  locatorType: id
09/11/2018 06:35:03 PM - Driver - INFO: Sent data on element with locator: username locatorType: id
09/11/2018 06:35:03 PM - Driver - INFO: Element found with locator: password and  locatorType: id
09/11/2018 06:35:03 PM - Driver - INFO: Clear field with locator: password locatorType: id
09/11/2018 06:35:03 PM - Driver - INFO: Element found with locator: password and  locatorType: id
09/11/2018 06:35:03 PM - Driver - INFO: Sent data on element with locator: password locatorType: id
09/11/2018 06:35:03 PM - Driver - INFO: Element found with locator: //button[@type='submit'] and  locatorType: xpath
09/11/2018 06:35:10 PM - Driver - INFO: Clicked on element with locator: //button[@type='submit'] locatorType: xpath
